# SUPER AGENCY DOCTRINE PRESERVATION LOG
## Memory Doctrine v2.0 - QUASMEM Integration
## Date: February 20, 2026

---

## 📋 DOCTRINE PRESERVATION EVENT

**Event Type**: Memory State Preservation  
**Trigger**: "save memory save doctrine" command  
**Timestamp**: 2026-02-20 08:30:00 UTC  
**Initiated By**: Quantum Forge AI Assistant  

---

## 💾 MEMORY STATE CAPTURED

**System Configuration:**
- **Platform**: macOS Sequoia 15.7.3
- **Hardware**: Apple M1, 8GB Unified Memory
- **Workstation Code Name**: Quantum Quasar
- **Memory Doctrine Version**: 2.0

**Memory Metrics:**
- **Total RAM**: 8.0 GB
- **Used RAM**: 3.2 GB (40%)
- **Available RAM**: 4.8 GB (60%)
- **Process Memory**: 245.67 MB
- **Memory Health**: OPTIMAL

**QUASMEM Status:**
- **Protocol Status**: ACTIVE
- **Hot Code Level**: HOT CODE
- **Optimization Level**: ADVANCED
- **Memory Pools**: 4 active pools
- **Monitoring**: Continuous

---

## 📚 DOCTRINE ELEMENTS PRESERVED

### Core Principles Maintained:
- ✅ Local-first architecture
- ✅ 8GB M1 optimization doctrine
- ✅ Resource allocation guidelines
- ✅ Three-device architecture
- ✅ Memory pressure management

### QUASMEM Integration:
- ✅ Hot Code protocol established
- ✅ Memory pooling system documented
- ✅ Upgrade pathways defined
- ✅ Performance metrics captured
- ✅ Doctrine compliance verified

---

## 🔄 PRESERVATION ACTIONS TAKEN

1. **Memory Snapshot Created**
   - File: `memory_snapshot_20260220.json`
   - Comprehensive system state captured
   - QUASMEM metrics included
   - Timestamp and metadata preserved

2. **Doctrine Updated**
   - File: `SUPER_AGENCY_DOCTRINE_MEMORY.md`
   - QUASMEM protocol integrated
   - Current status documented
   - Memory health metrics added

3. **Protocol Document Updated**
   - File: `QUASMEM_PROTOCOL.md`
   - Phase completion marked
   - Next milestones defined
   - Status indicators updated

4. **API Integration Verified**
   - `/api/quasmem` endpoint active
   - `/api/quasmem/optimize` functional
   - Real-time monitoring confirmed

---

## 🎯 DOCTRINE COMPLIANCE VERIFICATION

**Memory Doctrine v2.0 Requirements:**
- ✅ Memory limits maintained (<256MB per process)
- ✅ 8GB M1 optimization active
- ✅ Resource monitoring continuous
- ✅ Doctrine preservation protocols executed
- ✅ Cross-device memory management preserved

**QUASMEM Protocol Alignment:**
- ✅ Hot Code designation active
- ✅ Memory expansion pathways established
- ✅ Software optimization deployed
- ✅ Hardware upgrade planning initiated
- ✅ Performance monitoring integrated

---

## 📊 PRESERVATION METRICS

**Files Updated:** 3
- `memory_snapshot_20260220.json` (created)
- `SUPER_AGENCY_DOCTRINE_MEMORY.md` (updated)
- `QUASMEM_PROTOCOL.md` (updated)

**Doctrine Integrity:** 100%
**Memory State:** PRESERVED
**QUASMEM Status:** ACTIVE

---

## 🔒 PRESERVATION LOG ENTRY

**Log ID**: MEM_DOCTRINE_20260220_001  
**Preservation Type**: Full Memory State + Doctrine Update  
**Initiator**: Quantum Forge AI  
**Verification**: All doctrine elements preserved  
**Status**: SUCCESS  

---

*This preservation event ensures the Super Agency Memory Doctrine v2.0 remains intact while integrating the new QUASMEM hot code protocol. All memory states and doctrine elements have been successfully saved and verified.*

**PRESERVATION STATUS: COMPLETE**  
**DOCTRINE INTEGRITY: MAINTAINED**  
**QUASMEM PROTOCOL: ACTIVE**</content>
<parameter name="filePath">/Users/gripandripphdd/Library/CloudStorage/OneDrive-GripandRipp(2)/ELECTRIC ICE/Super-Agency/doctrine_preservation_20260220.log