2026-02-20 19:49:59,999 - __main__ - INFO - Super Agency GitHub Orchestrator Starting
2026-02-20 19:49:59,999 - __main__ - INFO - ==================================================
2026-02-20 19:50:00,168 - __main__ - INFO - GitHub Integration System initialized
2026-02-20 19:50:00,169 - __main__ - INFO - Starting autonomous portfolio sync...
2026-02-20 19:50:00,169 - github_integration_system - INFO - 🤖 Starting autonomous GitHub portfolio sync
2026-02-20 19:50:01,317 - github_integration_system - INFO - Processing 24 repositories from portfolio
2026-02-20 19:50:01,336 - github_integration_system - INFO - [1/24] Processing repository: NATEBJONES
2026-02-20 19:50:02,450 - github_integration_system - INFO - Repository NATEBJONES exists, verifying configuration
2026-02-20 19:50:02,450 - github_integration_system - INFO - [2/24] Processing repository: NCL
2026-02-20 19:50:03,554 - github_integration_system - INFO - Repository NCL exists, verifying configuration
2026-02-20 19:50:03,555 - github_integration_system - INFO - [3/24] Processing repository: TESLACALLS2026
2026-02-20 19:50:04,887 - github_integration_system - INFO - Repository TESLACALLS2026 exists, verifying configuration
2026-02-20 19:50:04,887 - github_integration_system - INFO - [4/24] Processing repository: future-predictor-council
2026-02-20 19:50:06,010 - github_integration_system - INFO - Repository future-predictor-council exists, verifying configuration
2026-02-20 19:50:06,011 - github_integration_system - INFO - [5/24] Processing repository: AAC
2026-02-20 19:50:07,012 - github_integration_system - INFO - Repository AAC exists, verifying configuration
2026-02-20 19:50:07,012 - github_integration_system - INFO - [6/24] Processing repository: ADVENTUREHEROAUTO
2026-02-20 19:50:08,077 - github_integration_system - INFO - Repository ADVENTUREHEROAUTO exists, verifying configuration
2026-02-20 19:50:08,077 - github_integration_system - INFO - [7/24] Processing repository: Crimson-Compass
2026-02-20 19:50:09,159 - github_integration_system - INFO - Repository Crimson-Compass exists, verifying configuration
2026-02-20 19:50:09,160 - github_integration_system - INFO - [8/24] Processing repository: YOUTUBEDROP
2026-02-20 19:50:10,202 - github_integration_system - INFO - Repository YOUTUBEDROP exists, verifying configuration
2026-02-20 19:50:10,202 - github_integration_system - INFO - [9/24] Processing repository: CIVIL-FORGE-TECHNOLOGIES-
2026-02-20 19:50:11,407 - github_integration_system - INFO - Repository CIVIL-FORGE-TECHNOLOGIES- exists, verifying configuration
2026-02-20 19:50:11,407 - github_integration_system - INFO - [10/24] Processing repository: GEET-PLASMA-PROJECT
2026-02-20 19:50:12,563 - github_integration_system - INFO - Repository GEET-PLASMA-PROJECT exists, verifying configuration
2026-02-20 19:50:12,563 - github_integration_system - INFO - [11/24] Processing repository: TESLA-TECH
2026-02-20 19:50:13,864 - github_integration_system - INFO - Repository TESLA-TECH exists, verifying configuration
2026-02-20 19:50:13,864 - github_integration_system - INFO - [12/24] Processing repository: ELECTRIC-UNIVERSE
2026-02-20 19:50:15,147 - github_integration_system - INFO - Repository ELECTRIC-UNIVERSE exists, verifying configuration
2026-02-20 19:50:15,147 - github_integration_system - INFO - [13/24] Processing repository: VORTEX-HUNTER
2026-02-20 19:50:16,457 - github_integration_system - INFO - Repository VORTEX-HUNTER exists, verifying configuration
2026-02-20 19:50:16,457 - github_integration_system - INFO - [14/24] Processing repository: MircoHydro
2026-02-20 19:50:17,684 - github_integration_system - INFO - Repository MircoHydro exists, verifying configuration
2026-02-20 19:50:17,685 - github_integration_system - INFO - [15/24] Processing repository: electric-ice
2026-02-20 19:50:18,733 - github_integration_system - INFO - Repository electric-ice exists, verifying configuration
2026-02-20 19:50:18,734 - github_integration_system - INFO - [16/24] Processing repository: SUPERSTONK-TRADER
2026-02-20 19:50:19,824 - github_integration_system - INFO - Repository SUPERSTONK-TRADER exists, verifying configuration
2026-02-20 19:50:19,824 - github_integration_system - INFO - [17/24] Processing repository: HUMAN-HEALTH
2026-02-20 19:50:21,166 - github_integration_system - INFO - Repository HUMAN-HEALTH exists, verifying configuration
2026-02-20 19:50:21,166 - github_integration_system - INFO - [18/24] Processing repository: Adventure-Hero-Chronicles-Of-Glory
2026-02-20 19:50:21,997 - github_integration_system - INFO - Creating new repository: Adventure-Hero-Chronicles-Of-Glory
2026-02-20 19:50:21,997 - github_integration_system - INFO - Creating repository: Adventure-Hero-Chronicles-Of-Glory
2026-02-20 19:50:23,215 - github_integration_system - ERROR - Failed to create repository Adventure-Hero-Chronicles-Of-Glory: GraphQL: Resource not accessible by personal access token (createRepository)

2026-02-20 19:50:23,215 - github_integration_system - ERROR - Failed to set up repository: Adventure-Hero-Chronicles-Of-Glory
2026-02-20 19:50:23,216 - github_integration_system - ERROR - ❌ Failed to create: Adventure-Hero-Chronicles-Of-Glory
2026-02-20 19:50:23,216 - github_integration_system - INFO - [19/24] Processing repository: QDFG1
2026-02-20 19:50:24,546 - github_integration_system - INFO - Repository QDFG1 exists, verifying configuration
2026-02-20 19:50:24,547 - github_integration_system - INFO - [20/24] Processing repository: NCC-Doctrine
2026-02-20 19:50:25,882 - github_integration_system - INFO - Repository NCC-Doctrine exists, verifying configuration
2026-02-20 19:50:25,883 - github_integration_system - INFO - [21/24] Processing repository: NCC
2026-02-20 19:50:27,105 - github_integration_system - INFO - Repository NCC exists, verifying configuration
2026-02-20 19:50:27,106 - github_integration_system - INFO - [22/24] Processing repository: resonance-uy-py
2026-02-20 19:50:27,936 - github_integration_system - INFO - Creating new repository: resonance-uy-py
2026-02-20 19:50:27,936 - github_integration_system - INFO - Creating repository: resonance-uy-py
2026-02-20 19:50:29,050 - github_integration_system - ERROR - Failed to create repository resonance-uy-py: GraphQL: Resource not accessible by personal access token (createRepository)

2026-02-20 19:50:29,051 - github_integration_system - ERROR - Failed to set up repository: resonance-uy-py
2026-02-20 19:50:29,051 - github_integration_system - ERROR - ❌ Failed to create: resonance-uy-py
2026-02-20 19:50:29,051 - github_integration_system - INFO - [23/24] Processing repository: perpetual-flow-cube
2026-02-20 19:50:29,871 - github_integration_system - INFO - Creating new repository: perpetual-flow-cube
2026-02-20 19:50:29,871 - github_integration_system - INFO - Creating repository: perpetual-flow-cube
2026-02-20 19:50:31,099 - github_integration_system - ERROR - Failed to create repository perpetual-flow-cube: GraphQL: Resource not accessible by personal access token (createRepository)

2026-02-20 19:50:31,099 - github_integration_system - ERROR - Failed to set up repository: perpetual-flow-cube
2026-02-20 19:50:31,099 - github_integration_system - ERROR - ❌ Failed to create: perpetual-flow-cube
2026-02-20 19:50:31,100 - github_integration_system - INFO - [24/24] Processing repository: demo
2026-02-20 19:50:32,024 - github_integration_system - INFO - Creating new repository: demo
2026-02-20 19:50:32,025 - github_integration_system - INFO - Creating repository: demo
2026-02-20 19:50:33,249 - github_integration_system - ERROR - Failed to create repository demo: GraphQL: Resource not accessible by personal access token (createRepository)

2026-02-20 19:50:33,249 - github_integration_system - ERROR - Failed to set up repository: demo
2026-02-20 19:50:33,249 - github_integration_system - ERROR - ❌ Failed to create: demo
2026-02-20 19:50:33,249 - github_integration_system - INFO - 🤖 Autonomous sync complete: 0 created, 20 skipped, 4 failed
2026-02-20 19:50:33,250 - __main__ - INFO - Sync Results:
2026-02-20 19:50:33,250 - __main__ - INFO - {
  "status": "success",
  "timestamp": "2026-02-20T19:50:01.317563",
  "repositories_processed": 24,
  "created": [],
  "updated": [],
  "failed": [
    "Adventure-Hero-Chronicles-Of-Glory",
    "resonance-uy-py",
    "perpetual-flow-cube",
    "demo"
  ],
  "skipped": [
    "NATEBJONES",
    "NCL",
    "TESLACALLS2026",
    "future-predictor-council",
    "AAC",
    "ADVENTUREHEROAUTO",
    "Crimson-Compass",
    "YOUTUBEDROP",
    "CIVIL-FORGE-TECHNOLOGIES-",
    "GEET-PLASMA-PROJECT",
    "TESLA-TECH",
    "ELECTRIC-UNIVERSE",
    "VORTEX-HUNTER",
    "MircoHydro",
    "electric-ice",
    "SUPERSTONK-TRADER",
    "HUMAN-HEALTH",
    "QDFG1",
    "NCC-Doctrine",
    "NCC"
  ],
  "errors": [],
  "summary": {
    "total_repositories": 24,
    "successful": 0,
    "skipped": 20,
    "failed": 4,
    "success_rate": "0.0%"
  }
}
2026-02-20 19:50:33,250 - __main__ - INFO - Autonomous sync completed successfully!
2026-02-20 19:50:33,250 - __main__ - INFO - Summary: 0 created, 20 skipped, 4 failed
