2026-02-20 19:55:25,718 - __main__ - INFO - Super Agency GitHub Orchestrator Starting
2026-02-20 19:55:25,719 - __main__ - INFO - ==================================================
2026-02-20 19:55:25,978 - __main__ - INFO - GitHub Integration System initialized
2026-02-20 19:55:25,979 - __main__ - INFO - Starting autonomous portfolio sync...
2026-02-20 19:55:25,979 - github_integration_system - INFO - 🤖 Starting autonomous GitHub portfolio sync
2026-02-20 19:55:27,204 - github_integration_system - INFO - Processing 24 repositories from portfolio
2026-02-20 19:55:27,204 - github_integration_system - INFO - [1/24] Processing repository: NATEBJONES
2026-02-20 19:55:28,570 - github_integration_system - INFO - Repository NATEBJONES exists, verifying configuration
2026-02-20 19:55:28,570 - github_integration_system - INFO - [2/24] Processing repository: NCL
2026-02-20 19:55:30,379 - github_integration_system - INFO - Repository NCL exists, verifying configuration
2026-02-20 19:55:30,379 - github_integration_system - INFO - [3/24] Processing repository: TESLACALLS2026
2026-02-20 19:55:31,947 - github_integration_system - INFO - Repository TESLACALLS2026 exists, verifying configuration
2026-02-20 19:55:31,947 - github_integration_system - INFO - [4/24] Processing repository: future-predictor-council
2026-02-20 19:55:32,996 - github_integration_system - INFO - Repository future-predictor-council exists, verifying configuration
2026-02-20 19:55:32,996 - github_integration_system - INFO - [5/24] Processing repository: AAC
2026-02-20 19:55:33,955 - github_integration_system - INFO - Repository AAC exists, verifying configuration
2026-02-20 19:55:33,955 - github_integration_system - INFO - [6/24] Processing repository: ADVENTUREHEROAUTO
2026-02-20 19:55:35,162 - github_integration_system - INFO - Repository ADVENTUREHEROAUTO exists, verifying configuration
2026-02-20 19:55:35,162 - github_integration_system - INFO - [7/24] Processing repository: Crimson-Compass
2026-02-20 19:55:36,809 - github_integration_system - INFO - Repository Crimson-Compass exists, verifying configuration
2026-02-20 19:55:36,810 - github_integration_system - INFO - [8/24] Processing repository: YOUTUBEDROP
2026-02-20 19:55:38,104 - github_integration_system - INFO - Repository YOUTUBEDROP exists, verifying configuration
2026-02-20 19:55:38,105 - github_integration_system - INFO - [9/24] Processing repository: CIVIL-FORGE-TECHNOLOGIES-
2026-02-20 19:55:39,165 - github_integration_system - INFO - Repository CIVIL-FORGE-TECHNOLOGIES- exists, verifying configuration
2026-02-20 19:55:39,165 - github_integration_system - INFO - [10/24] Processing repository: GEET-PLASMA-PROJECT
2026-02-20 19:55:40,151 - github_integration_system - INFO - Repository GEET-PLASMA-PROJECT exists, verifying configuration
2026-02-20 19:55:40,152 - github_integration_system - INFO - [11/24] Processing repository: TESLA-TECH
2026-02-20 19:55:41,151 - github_integration_system - INFO - Repository TESLA-TECH exists, verifying configuration
2026-02-20 19:55:41,151 - github_integration_system - INFO - [12/24] Processing repository: ELECTRIC-UNIVERSE
2026-02-20 19:55:42,199 - github_integration_system - INFO - Repository ELECTRIC-UNIVERSE exists, verifying configuration
2026-02-20 19:55:42,199 - github_integration_system - INFO - [13/24] Processing repository: VORTEX-HUNTER
2026-02-20 19:55:43,326 - github_integration_system - INFO - Repository VORTEX-HUNTER exists, verifying configuration
2026-02-20 19:55:43,326 - github_integration_system - INFO - [14/24] Processing repository: MircoHydro
2026-02-20 19:55:44,555 - github_integration_system - INFO - Repository MircoHydro exists, verifying configuration
2026-02-20 19:55:44,555 - github_integration_system - INFO - [15/24] Processing repository: electric-ice
2026-02-20 19:55:45,886 - github_integration_system - INFO - Repository electric-ice exists, verifying configuration
2026-02-20 19:55:45,886 - github_integration_system - INFO - [16/24] Processing repository: SUPERSTONK-TRADER
2026-02-20 19:55:47,219 - github_integration_system - INFO - Repository SUPERSTONK-TRADER exists, verifying configuration
2026-02-20 19:55:47,219 - github_integration_system - INFO - [17/24] Processing repository: HUMAN-HEALTH
2026-02-20 19:55:48,317 - github_integration_system - INFO - Repository HUMAN-HEALTH exists, verifying configuration
2026-02-20 19:55:48,318 - github_integration_system - INFO - [18/24] Processing repository: Adventure-Hero-Chronicles-Of-Glory
2026-02-20 19:55:49,362 - github_integration_system - INFO - Repository Adventure-Hero-Chronicles-Of-Glory exists, verifying configuration
2026-02-20 19:55:49,362 - github_integration_system - INFO - [19/24] Processing repository: QDFG1
2026-02-20 19:55:50,605 - github_integration_system - INFO - Repository QDFG1 exists, verifying configuration
2026-02-20 19:55:50,606 - github_integration_system - INFO - [20/24] Processing repository: NCC-Doctrine
2026-02-20 19:55:51,945 - github_integration_system - INFO - Repository NCC-Doctrine exists, verifying configuration
2026-02-20 19:55:51,945 - github_integration_system - INFO - [21/24] Processing repository: NCC
2026-02-20 19:55:53,133 - github_integration_system - INFO - Repository NCC exists, verifying configuration
2026-02-20 19:55:53,133 - github_integration_system - INFO - [22/24] Processing repository: resonance-uy-py
2026-02-20 19:55:54,217 - github_integration_system - INFO - Repository resonance-uy-py exists, verifying configuration
2026-02-20 19:55:54,218 - github_integration_system - INFO - [23/24] Processing repository: perpetual-flow-cube
2026-02-20 19:55:55,513 - github_integration_system - INFO - Repository perpetual-flow-cube exists, verifying configuration
2026-02-20 19:55:55,513 - github_integration_system - INFO - [24/24] Processing repository: demo
2026-02-20 19:55:56,332 - github_integration_system - INFO - Creating new repository: demo
2026-02-20 19:55:56,332 - github_integration_system - INFO - Creating repository: demo
2026-02-20 19:55:58,167 - github_integration_system - INFO - Successfully created repository: demo
2026-02-20 19:55:58,168 - github_integration_system - INFO - Setting up branch protection for: demo
2026-02-20 19:55:58,556 - github_integration_system - WARNING - Branch protection setup failed for demo: unknown flag: --required-status-checks

Usage:  gh repo <command> [flags]

Available commands:
  archive
  autolink
  clone
  create
  delete
  deploy-key
  edit
  fork
  gitignore
  license
  list
  rename
  set-default
  sync
  unarchive
  view


2026-02-20 19:55:58,557 - github_integration_system - INFO - Setting up security features for: demo
2026-02-20 19:55:58,557 - github_integration_system - INFO - Would create/update file .github/dependabot.yml in demo
2026-02-20 19:55:58,557 - github_integration_system - INFO - Content preview: {
  "version": 2,
  "updates": [
    {
      "package-ecosystem": "npm",
      "directory": "/",
   ...
2026-02-20 19:55:58,558 - github_integration_system - INFO - Would create/update file .github/workflows/codeql-analysis.yml in demo
2026-02-20 19:55:58,558 - github_integration_system - INFO - Content preview: name: "CodeQL"

on:
  push:
    branches: [ "main" ]
  pull_request:
    branches: [ "main" ]
  sche...
2026-02-20 19:55:59,485 - github_integration_system - INFO - Secret scanning enabled for: demo
2026-02-20 19:55:59,485 - github_integration_system - INFO - Successfully set up repository: demo
2026-02-20 19:55:59,485 - github_integration_system - INFO - ✅ Successfully created: demo
2026-02-20 19:55:59,486 - github_integration_system - INFO - 🤖 Autonomous sync complete: 1 created, 23 skipped, 0 failed
2026-02-20 19:55:59,506 - __main__ - INFO - Sync Results:
2026-02-20 19:55:59,507 - __main__ - INFO - {
  "status": "success",
  "timestamp": "2026-02-20T19:55:27.204315",
  "repositories_processed": 24,
  "created": [
    "demo"
  ],
  "updated": [],
  "failed": [],
  "skipped": [
    "NATEBJONES",
    "NCL",
    "TESLACALLS2026",
    "future-predictor-council",
    "AAC",
    "ADVENTUREHEROAUTO",
    "Crimson-Compass",
    "YOUTUBEDROP",
    "CIVIL-FORGE-TECHNOLOGIES-",
    "GEET-PLASMA-PROJECT",
    "TESLA-TECH",
    "ELECTRIC-UNIVERSE",
    "VORTEX-HUNTER",
    "MircoHydro",
    "electric-ice",
    "SUPERSTONK-TRADER",
    "HUMAN-HEALTH",
    "Adventure-Hero-Chronicles-Of-Glory",
    "QDFG1",
    "NCC-Doctrine",
    "NCC",
    "resonance-uy-py",
    "perpetual-flow-cube"
  ],
  "errors": [],
  "summary": {
    "total_repositories": 24,
    "successful": 1,
    "skipped": 23,
    "failed": 0,
    "success_rate": "4.2%"
  }
}
2026-02-20 19:55:59,507 - __main__ - INFO - Autonomous sync completed successfully!
2026-02-20 19:55:59,507 - __main__ - INFO - Summary: 1 created, 23 skipped, 0 failed
