2026-02-20 19:48:54,307 - __main__ - INFO - ==================================================
2026-02-20 19:48:55,483 - github_integration_system - INFO - Processing 24 repositories from portfolio
2026-02-20 19:48:55,484 - github_integration_system - INFO - [1/24] Processing repository: NATEBJONES
2026-02-20 19:48:57,048 - github_integration_system - INFO - Repository NATEBJONES exists, verifying configuration
2026-02-20 19:48:57,048 - github_integration_system - INFO - [2/24] Processing repository: NCL
2026-02-20 19:48:58,177 - github_integration_system - INFO - Repository NCL exists, verifying configuration
2026-02-20 19:48:58,177 - github_integration_system - INFO - [3/24] Processing repository: TESLACALLS2026
2026-02-20 19:48:59,459 - github_integration_system - INFO - Repository TESLACALLS2026 exists, verifying configuration
2026-02-20 19:48:59,461 - github_integration_system - INFO - [4/24] Processing repository: future-predictor-council
2026-02-20 19:49:00,736 - github_integration_system - INFO - Repository future-predictor-council exists, verifying configuration
2026-02-20 19:49:00,736 - github_integration_system - INFO - [5/24] Processing repository: AAC
2026-02-20 19:49:01,897 - github_integration_system - INFO - Repository AAC exists, verifying configuration
2026-02-20 19:49:01,898 - github_integration_system - INFO - [6/24] Processing repository: ADVENTUREHEROAUTO
2026-02-20 19:49:03,137 - github_integration_system - INFO - Repository ADVENTUREHEROAUTO exists, verifying configuration
2026-02-20 19:49:03,138 - github_integration_system - INFO - [7/24] Processing repository: Crimson-Compass
2026-02-20 19:49:04,485 - github_integration_system - INFO - Repository Crimson-Compass exists, verifying configuration
2026-02-20 19:49:04,486 - github_integration_system - INFO - [8/24] Processing repository: YOUTUBEDROP
2026-02-20 19:49:05,844 - github_integration_system - INFO - Repository YOUTUBEDROP exists, verifying configuration
2026-02-20 19:49:05,845 - github_integration_system - INFO - [9/24] Processing repository: CIVIL-FORGE-TECHNOLOGIES-
2026-02-20 19:49:07,179 - github_integration_system - INFO - Repository CIVIL-FORGE-TECHNOLOGIES- exists, verifying configuration
2026-02-20 19:49:07,179 - github_integration_system - INFO - [10/24] Processing repository: GEET-PLASMA-PROJECT
2026-02-20 19:49:08,505 - github_integration_system - INFO - Repository GEET-PLASMA-PROJECT exists, verifying configuration
2026-02-20 19:49:08,505 - github_integration_system - INFO - [11/24] Processing repository: TESLA-TECH
2026-02-20 19:49:09,732 - github_integration_system - INFO - Repository TESLA-TECH exists, verifying configuration
2026-02-20 19:49:09,732 - github_integration_system - INFO - [12/24] Processing repository: ELECTRIC-UNIVERSE
2026-02-20 19:49:11,002 - github_integration_system - INFO - Repository ELECTRIC-UNIVERSE exists, verifying configuration
2026-02-20 19:49:11,002 - github_integration_system - INFO - [13/24] Processing repository: VORTEX-HUNTER
2026-02-20 19:49:12,242 - github_integration_system - INFO - Repository VORTEX-HUNTER exists, verifying configuration
2026-02-20 19:49:12,243 - github_integration_system - INFO - [14/24] Processing repository: MircoHydro
2026-02-20 19:49:13,632 - github_integration_system - INFO - Repository MircoHydro exists, verifying configuration
2026-02-20 19:49:13,633 - github_integration_system - INFO - [15/24] Processing repository: electric-ice
2026-02-20 19:49:14,996 - github_integration_system - INFO - Repository electric-ice exists, verifying configuration
2026-02-20 19:49:14,997 - github_integration_system - INFO - [16/24] Processing repository: SUPERSTONK-TRADER
2026-02-20 19:49:16,172 - github_integration_system - INFO - Repository SUPERSTONK-TRADER exists, verifying configuration
2026-02-20 19:49:16,173 - github_integration_system - INFO - [17/24] Processing repository: HUMAN-HEALTH
2026-02-20 19:49:17,460 - github_integration_system - INFO - Repository HUMAN-HEALTH exists, verifying configuration
2026-02-20 19:49:17,460 - github_integration_system - INFO - [18/24] Processing repository: Adventure-Hero-Chronicles-Of-Glory
2026-02-20 19:49:18,324 - github_integration_system - INFO - Creating new repository: Adventure-Hero-Chronicles-Of-Glory
2026-02-20 19:49:18,324 - github_integration_system - INFO - Creating repository: Adventure-Hero-Chronicles-Of-Glory
2026-02-20 19:49:19,555 - github_integration_system - ERROR - Failed to create repository Adventure-Hero-Chronicles-Of-Glory: GraphQL: Could not resolve to a Repository with the name 'ResonanceEnergy/small-project-template'. (repository)

2026-02-20 19:49:19,556 - github_integration_system - ERROR - Failed to set up repository: Adventure-Hero-Chronicles-Of-Glory
2026-02-20 19:49:19,558 - github_integration_system - INFO - [19/24] Processing repository: QDFG1
2026-02-20 19:49:20,647 - github_integration_system - INFO - Repository QDFG1 exists, verifying configuration
2026-02-20 19:49:20,647 - github_integration_system - INFO - [20/24] Processing repository: NCC-Doctrine
2026-02-20 19:49:21,806 - github_integration_system - INFO - Repository NCC-Doctrine exists, verifying configuration
2026-02-20 19:49:21,806 - github_integration_system - INFO - [21/24] Processing repository: NCC
2026-02-20 19:49:22,890 - github_integration_system - INFO - Repository NCC exists, verifying configuration
2026-02-20 19:49:22,891 - github_integration_system - INFO - [22/24] Processing repository: resonance-uy-py
2026-02-20 19:49:23,823 - github_integration_system - INFO - Creating new repository: resonance-uy-py
2026-02-20 19:49:23,823 - github_integration_system - INFO - Creating repository: resonance-uy-py
2026-02-20 19:49:24,950 - github_integration_system - ERROR - Failed to create repository resonance-uy-py: GraphQL: Could not resolve to a Repository with the name 'ResonanceEnergy/medium-project-template'. (repository)

2026-02-20 19:49:24,950 - github_integration_system - ERROR - Failed to set up repository: resonance-uy-py
2026-02-20 19:49:24,953 - github_integration_system - INFO - [23/24] Processing repository: perpetual-flow-cube
2026-02-20 19:49:25,759 - github_integration_system - INFO - Creating new repository: perpetual-flow-cube
2026-02-20 19:49:25,759 - github_integration_system - INFO - Creating repository: perpetual-flow-cube
2026-02-20 19:49:26,713 - github_integration_system - ERROR - Failed to create repository perpetual-flow-cube: GraphQL: Could not resolve to a Repository with the name 'ResonanceEnergy/medium-project-template'. (repository)

2026-02-20 19:49:26,714 - github_integration_system - ERROR - Failed to set up repository: perpetual-flow-cube
2026-02-20 19:49:26,717 - github_integration_system - INFO - [24/24] Processing repository: demo
2026-02-20 19:49:27,699 - github_integration_system - INFO - Creating new repository: demo
2026-02-20 19:49:27,699 - github_integration_system - INFO - Creating repository: demo
2026-02-20 19:49:28,955 - github_integration_system - ERROR - Failed to create repository demo: GraphQL: Could not resolve to a Repository with the name 'ResonanceEnergy/large-project-template'. (repository)

2026-02-20 19:49:28,955 - github_integration_system - ERROR - Failed to set up repository: demo
2026-02-20 19:49:28,964 - __main__ - INFO - {
  "status": "success",
  "timestamp": "2026-02-20T19:48:55.483678",
  "repositories_processed": 24,
  "created": [],
  "updated": [],
  "failed": [
    "Adventure-Hero-Chronicles-Of-Glory",
    "resonance-uy-py",
    "perpetual-flow-cube",
    "demo"
  ],
  "skipped": [
    "NATEBJONES",
    "NCL",
    "TESLACALLS2026",
    "future-predictor-council",
    "AAC",
    "ADVENTUREHEROAUTO",
    "Crimson-Compass",
    "YOUTUBEDROP",
    "CIVIL-FORGE-TECHNOLOGIES-",
    "GEET-PLASMA-PROJECT",
    "TESLA-TECH",
    "ELECTRIC-UNIVERSE",
    "VORTEX-HUNTER",
    "MircoHydro",
    "electric-ice",
    "SUPERSTONK-TRADER",
    "HUMAN-HEALTH",
    "QDFG1",
    "NCC-Doctrine",
    "NCC"
  ],
  "errors": [],
  "summary": {
    "total_repositories": 24,
    "successful": 0,
    "skipped": 20,
    "failed": 4,
    "success_rate": "0.0%"
  }
}
