=== /autonomous/loops (looking for ncl-auto-trader-loop) ===
auto-trader loops found: 0

=== /auto-trader/status ===
{
    "is_active": false,
    "state": {
        "active": true,
        "paused_by": "operator",
        "pause_reason": "verify-test",
        "paused_at_iso": "2026-05-26T22:08:09.226914+00:00",
        "drawdown_halt_pause": true,
        "drawdown_halt_band": "halt",
        "drawdown_halt_at_iso": "2026-05-26T22:17:39.040850+00:00",
        "last_loop_tick_iso": null,
        "last_seen_trade_idea_id": null,
        "ideas_evaluated_today": 0,
        "ideas_opened_today": 0,
        "ideas_rejected_today": 0,
        "counters_date_utc": "2026-05-26"
    }
}

=== /auto-trader/reasoning-chains (should be empty until ideas open) ===
{
    "count": 0,
    "chains": []
}
DONE
